This file contains any messages produced by compilers while
running configure, to aid debugging if configure makes a mistake.

It was created by KLEE configure 0.01, which was
generated by GNU Autoconf 2.66.  Invocation command line was

  $ ./configure --with-llvm=/home/gfj/work/llvm-2.9 --with-stp=/home/gfj/work/stp_install --with-uclibc=/home/gfj/work/klee-uclibc --enable-posix-runtime

## --------- ##
## Platform. ##
## --------- ##

hostname = gfj-virtual-machine
uname -m = i686
uname -r = 3.2.0-74-generic-pae
uname -s = Linux
uname -v = #109-Ubuntu SMP Tue Dec 9 17:00:00 UTC 2014

/usr/bin/uname -p = unknown
/bin/uname -X     = unknown

/bin/arch              = unknown
/usr/bin/arch -k       = unknown
/usr/convex/getsysinfo = unknown
/usr/bin/hostinfo      = unknown
/bin/machine           = unknown
/usr/bin/oslevel       = unknown
/bin/universe          = unknown

PATH: /usr/lib/lightdm/lightdm
PATH: /usr/local/sbin
PATH: /usr/local/bin
PATH: /usr/sbin
PATH: /usr/bin
PATH: /sbin
PATH: /bin
PATH: /usr/games
PATH: /home/gfj/work/clang+llvm-2.9-i686-linux/bin
PATH: /home/gfj/work/llvm-gcc-4.2-2.9-i686-linux/bin
PATH: /home/gfj/Fortify/bin
PATH: /home/gfj/work/klee/Release+Asserts/bin
PATH: /usr/lib/lightdm/lightdm
PATH: /usr/bin
PATH: /usr/sbin
PATH: /usr/local/sbin
PATH: /usr/local/bin
PATH: /sbin
PATH: /bin
PATH: /usr/games
PATH: /home/gfj/work/whole-program-llvm-master


## ----------- ##
## Core tests. ##
## ----------- ##

configure:2312: checking build system type
configure:2326: result: i686-pc-linux-gnu
configure:2346: checking host system type
configure:2359: result: i686-pc-linux-gnu
configure:2379: checking target system type
configure:2392: result: i686-pc-linux-gnu
configure:2419: checking type of operating system we're going to host on
configure:2431: result: 
configure:2442: checking llvm source dir
configure:2483: result: /home/gfj/work/llvm-2.9
configure:2486: checking llvm obj dir
configure:2488: result: /home/gfj/work/llvm-2.9
configure:2496: checking llvm package version
configure:2499: result: 2.9
configure:2504: checking llvm version major
configure:2507: result: 2
configure:2510: checking llvm version minor
configure:2513: result: 9
configure:2516: checking llvm is release version
configure:2524: result: 1
configure:2566: checking llvm build mode
configure:2585: result: Release+Asserts
configure:2603: checking uclibc
configure:2612: result: /home/gfj/work/klee-uclibc
configure:2643: checking POSIX runtime
configure:2662: result: yes
configure:2691: checking runtime configuration
configure:2701: result: Release+Asserts
configure:2798: checking for gcc
configure:2814: found /usr/bin/gcc
configure:2825: result: gcc
configure:3054: checking for C compiler version
configure:3063: gcc --version >&5
gcc (Ubuntu/Linaro 4.6.3-1ubuntu5) 4.6.3
Copyright (C) 2011 Free Software Foundation, Inc.
This is free software; see the source for copying conditions.  There is NO
warranty; not even for MERCHANTABILITY or FITNESS FOR A PARTICULAR PURPOSE.

configure:3074: $? = 0
configure:3063: gcc -v >&5
Using built-in specs.
COLLECT_GCC=gcc
COLLECT_LTO_WRAPPER=/usr/lib/gcc/i686-linux-gnu/4.6/lto-wrapper
Target: i686-linux-gnu
Configured with: ../src/configure -v --with-pkgversion='Ubuntu/Linaro 4.6.3-1ubuntu5' --with-bugurl=file:///usr/share/doc/gcc-4.6/README.Bugs --enable-languages=c,c++,fortran,objc,obj-c++ --prefix=/usr --program-suffix=-4.6 --enable-shared --enable-linker-build-id --with-system-zlib --libexecdir=/usr/lib --without-included-gettext --enable-threads=posix --with-gxx-include-dir=/usr/include/c++/4.6 --libdir=/usr/lib --enable-nls --with-sysroot=/ --enable-clocale=gnu --enable-libstdcxx-debug --enable-libstdcxx-time=yes --enable-gnu-unique-object --enable-plugin --enable-objc-gc --enable-targets=all --disable-werror --with-arch-32=i686 --with-tune=generic --enable-checking=release --build=i686-linux-gnu --host=i686-linux-gnu --target=i686-linux-gnu
Thread model: posix
gcc version 4.6.3 (Ubuntu/Linaro 4.6.3-1ubuntu5) 
configure:3074: $? = 0
configure:3063: gcc -V >&5
gcc: error: unrecognized option '-V'
gcc: fatal error: no input files
compilation terminated.
configure:3074: $? = 4
configure:3063: gcc -qversion >&5
gcc: error: unrecognized option '-qversion'
gcc: fatal error: no input files
compilation terminated.
configure:3074: $? = 4
configure:3094: checking whether the C compiler works
configure:3116: gcc    conftest.c  >&5
configure:3120: $? = 0
configure:3168: result: yes
configure:3171: checking for C compiler default output file name
configure:3173: result: a.out
configure:3179: checking for suffix of executables
configure:3186: gcc -o conftest    conftest.c  >&5
configure:3190: $? = 0
configure:3212: result: 
configure:3234: checking whether we are cross compiling
configure:3242: gcc -o conftest    conftest.c  >&5
configure:3246: $? = 0
configure:3253: ./conftest
configure:3257: $? = 0
configure:3272: result: no
configure:3277: checking for suffix of object files
configure:3299: gcc -c   conftest.c >&5
configure:3303: $? = 0
configure:3324: result: o
configure:3328: checking whether we are using the GNU C compiler
configure:3347: gcc -c   conftest.c >&5
configure:3347: $? = 0
configure:3356: result: yes
configure:3365: checking whether gcc accepts -g
configure:3385: gcc -c -g  conftest.c >&5
configure:3385: $? = 0
configure:3426: result: yes
configure:3443: checking for gcc option to accept ISO C89
configure:3507: gcc  -c -g -O2  conftest.c >&5
configure:3507: $? = 0
configure:3520: result: none needed
configure:3546: checking how to run the C preprocessor
configure:3577: gcc -E  conftest.c
configure:3577: $? = 0
configure:3591: gcc -E  conftest.c
conftest.c:15:28: fatal error: ac_nonexistent.h: No such file or directory
compilation terminated.
configure:3591: $? = 1
configure: failed program was:
| /* confdefs.h */
| #define PACKAGE_NAME "KLEE"
| #define PACKAGE_TARNAME "-klee-"
| #define PACKAGE_VERSION "0.01"
| #define PACKAGE_STRING "KLEE 0.01"
| #define PACKAGE_BUGREPORT "daniel@minormatter.com"
| #define PACKAGE_URL ""
| #define LLVM_VERSION_MAJOR 2
| #define LLVM_VERSION_MINOR 9
| #define LLVM_IS_RELEASE 1
| #define KLEE_UCLIBC "/home/gfj/work/klee-uclibc"
| #define RUNTIME_CONFIGURATION "Release+Asserts"
| #define HAVE_CTYPE_EXTERNALS 1
| /* end confdefs.h.  */
| #include <ac_nonexistent.h>
configure:3616: result: gcc -E
configure:3636: gcc -E  conftest.c
configure:3636: $? = 0
configure:3650: gcc -E  conftest.c
conftest.c:15:28: fatal error: ac_nonexistent.h: No such file or directory
compilation terminated.
configure:3650: $? = 1
configure: failed program was:
| /* confdefs.h */
| #define PACKAGE_NAME "KLEE"
| #define PACKAGE_TARNAME "-klee-"
| #define PACKAGE_VERSION "0.01"
| #define PACKAGE_STRING "KLEE 0.01"
| #define PACKAGE_BUGREPORT "daniel@minormatter.com"
| #define PACKAGE_URL ""
| #define LLVM_VERSION_MAJOR 2
| #define LLVM_VERSION_MINOR 9
| #define LLVM_IS_RELEASE 1
| #define KLEE_UCLIBC "/home/gfj/work/klee-uclibc"
| #define RUNTIME_CONFIGURATION "Release+Asserts"
| #define HAVE_CTYPE_EXTERNALS 1
| /* end confdefs.h.  */
| #include <ac_nonexistent.h>
configure:3679: checking for grep that handles long lines and -e
configure:3737: result: /bin/grep
configure:3742: checking for egrep
configure:3804: result: /bin/grep -E
configure:3809: checking for ANSI C header files
configure:3829: gcc -c -g -O2  conftest.c >&5
configure:3829: $? = 0
configure:3902: gcc -o conftest -g -O2   conftest.c  >&5
configure:3902: $? = 0
configure:3902: ./conftest
configure:3902: $? = 0
configure:3913: result: yes
configure:3926: checking for sys/types.h
configure:3926: gcc -c -g -O2  conftest.c >&5
configure:3926: $? = 0
configure:3926: result: yes
configure:3926: checking for sys/stat.h
configure:3926: gcc -c -g -O2  conftest.c >&5
configure:3926: $? = 0
configure:3926: result: yes
configure:3926: checking for stdlib.h
configure:3926: gcc -c -g -O2  conftest.c >&5
configure:3926: $? = 0
configure:3926: result: yes
configure:3926: checking for string.h
configure:3926: gcc -c -g -O2  conftest.c >&5
configure:3926: $? = 0
configure:3926: result: yes
configure:3926: checking for memory.h
configure:3926: gcc -c -g -O2  conftest.c >&5
configure:3926: $? = 0
configure:3926: result: yes
configure:3926: checking for strings.h
configure:3926: gcc -c -g -O2  conftest.c >&5
configure:3926: $? = 0
configure:3926: result: yes
configure:3926: checking for inttypes.h
configure:3926: gcc -c -g -O2  conftest.c >&5
configure:3926: $? = 0
configure:3926: result: yes
configure:3926: checking for stdint.h
configure:3926: gcc -c -g -O2  conftest.c >&5
configure:3926: $? = 0
configure:3926: result: yes
configure:3926: checking for unistd.h
configure:3926: gcc -c -g -O2  conftest.c >&5
configure:3926: $? = 0
configure:3926: result: yes
configure:3940: checking sys/acl.h usability
configure:3940: gcc -c -g -O2  conftest.c >&5
conftest.c:58:21: fatal error: sys/acl.h: No such file or directory
compilation terminated.
configure:3940: $? = 1
configure: failed program was:
| /* confdefs.h */
| #define PACKAGE_NAME "KLEE"
| #define PACKAGE_TARNAME "-klee-"
| #define PACKAGE_VERSION "0.01"
| #define PACKAGE_STRING "KLEE 0.01"
| #define PACKAGE_BUGREPORT "daniel@minormatter.com"
| #define PACKAGE_URL ""
| #define LLVM_VERSION_MAJOR 2
| #define LLVM_VERSION_MINOR 9
| #define LLVM_IS_RELEASE 1
| #define KLEE_UCLIBC "/home/gfj/work/klee-uclibc"
| #define RUNTIME_CONFIGURATION "Release+Asserts"
| #define HAVE_CTYPE_EXTERNALS 1
| #define STDC_HEADERS 1
| #define HAVE_SYS_TYPES_H 1
| #define HAVE_SYS_STAT_H 1
| #define HAVE_STDLIB_H 1
| #define HAVE_STRING_H 1
| #define HAVE_MEMORY_H 1
| #define HAVE_STRINGS_H 1
| #define HAVE_INTTYPES_H 1
| #define HAVE_STDINT_H 1
| #define HAVE_UNISTD_H 1
| /* end confdefs.h.  */
| #include <stdio.h>
| #ifdef HAVE_SYS_TYPES_H
| # include <sys/types.h>
| #endif
| #ifdef HAVE_SYS_STAT_H
| # include <sys/stat.h>
| #endif
| #ifdef STDC_HEADERS
| # include <stdlib.h>
| # include <stddef.h>
| #else
| # ifdef HAVE_STDLIB_H
| #  include <stdlib.h>
| # endif
| #endif
| #ifdef HAVE_STRING_H
| # if !defined STDC_HEADERS && defined HAVE_MEMORY_H
| #  include <memory.h>
| # endif
| # include <string.h>
| #endif
| #ifdef HAVE_STRINGS_H
| # include <strings.h>
| #endif
| #ifdef HAVE_INTTYPES_H
| # include <inttypes.h>
| #endif
| #ifdef HAVE_STDINT_H
| # include <stdint.h>
| #endif
| #ifdef HAVE_UNISTD_H
| # include <unistd.h>
| #endif
| #include <sys/acl.h>
configure:3940: result: no
configure:3940: checking sys/acl.h presence
configure:3940: gcc -E  conftest.c
conftest.c:25:21: fatal error: sys/acl.h: No such file or directory
compilation terminated.
configure:3940: $? = 1
configure: failed program was:
| /* confdefs.h */
| #define PACKAGE_NAME "KLEE"
| #define PACKAGE_TARNAME "-klee-"
| #define PACKAGE_VERSION "0.01"
| #define PACKAGE_STRING "KLEE 0.01"
| #define PACKAGE_BUGREPORT "daniel@minormatter.com"
| #define PACKAGE_URL ""
| #define LLVM_VERSION_MAJOR 2
| #define LLVM_VERSION_MINOR 9
| #define LLVM_IS_RELEASE 1
| #define KLEE_UCLIBC "/home/gfj/work/klee-uclibc"
| #define RUNTIME_CONFIGURATION "Release+Asserts"
| #define HAVE_CTYPE_EXTERNALS 1
| #define STDC_HEADERS 1
| #define HAVE_SYS_TYPES_H 1
| #define HAVE_SYS_STAT_H 1
| #define HAVE_STDLIB_H 1
| #define HAVE_STRING_H 1
| #define HAVE_MEMORY_H 1
| #define HAVE_STRINGS_H 1
| #define HAVE_INTTYPES_H 1
| #define HAVE_STDINT_H 1
| #define HAVE_UNISTD_H 1
| /* end confdefs.h.  */
| #include <sys/acl.h>
configure:3940: result: no
configure:3940: checking for sys/acl.h
configure:3940: result: no
configure:4016: checking for g++
configure:4032: found /usr/bin/g++
configure:4043: result: g++
configure:4070: checking for C++ compiler version
configure:4079: g++ --version >&5
g++ (Ubuntu/Linaro 4.6.3-1ubuntu5) 4.6.3
Copyright (C) 2011 Free Software Foundation, Inc.
This is free software; see the source for copying conditions.  There is NO
warranty; not even for MERCHANTABILITY or FITNESS FOR A PARTICULAR PURPOSE.

configure:4090: $? = 0
configure:4079: g++ -v >&5
Using built-in specs.
COLLECT_GCC=g++
COLLECT_LTO_WRAPPER=/usr/lib/gcc/i686-linux-gnu/4.6/lto-wrapper
Target: i686-linux-gnu
Configured with: ../src/configure -v --with-pkgversion='Ubuntu/Linaro 4.6.3-1ubuntu5' --with-bugurl=file:///usr/share/doc/gcc-4.6/README.Bugs --enable-languages=c,c++,fortran,objc,obj-c++ --prefix=/usr --program-suffix=-4.6 --enable-shared --enable-linker-build-id --with-system-zlib --libexecdir=/usr/lib --without-included-gettext --enable-threads=posix --with-gxx-include-dir=/usr/include/c++/4.6 --libdir=/usr/lib --enable-nls --with-sysroot=/ --enable-clocale=gnu --enable-libstdcxx-debug --enable-libstdcxx-time=yes --enable-gnu-unique-object --enable-plugin --enable-objc-gc --enable-targets=all --disable-werror --with-arch-32=i686 --with-tune=generic --enable-checking=release --build=i686-linux-gnu --host=i686-linux-gnu --target=i686-linux-gnu
Thread model: posix
gcc version 4.6.3 (Ubuntu/Linaro 4.6.3-1ubuntu5) 
configure:4090: $? = 0
configure:4079: g++ -V >&5
g++: error: unrecognized option '-V'
g++: fatal error: no input files
compilation terminated.
configure:4090: $? = 4
configure:4079: g++ -qversion >&5
g++: error: unrecognized option '-qversion'
g++: fatal error: no input files
compilation terminated.
configure:4090: $? = 4
configure:4094: checking whether we are using the GNU C++ compiler
configure:4113: g++ -c   conftest.cpp >&5
configure:4113: $? = 0
configure:4122: result: yes
configure:4131: checking whether g++ accepts -g
configure:4151: g++ -c -g  conftest.cpp >&5
configure:4151: $? = 0
configure:4192: result: yes
configure:4221: checking how to run the C++ preprocessor
configure:4248: g++ -E  conftest.cpp
configure:4248: $? = 0
configure:4262: g++ -E  conftest.cpp
conftest.cpp:25:28: fatal error: ac_nonexistent.h: No such file or directory
compilation terminated.
configure:4262: $? = 1
configure: failed program was:
| /* confdefs.h */
| #define PACKAGE_NAME "KLEE"
| #define PACKAGE_TARNAME "-klee-"
| #define PACKAGE_VERSION "0.01"
| #define PACKAGE_STRING "KLEE 0.01"
| #define PACKAGE_BUGREPORT "daniel@minormatter.com"
| #define PACKAGE_URL ""
| #define LLVM_VERSION_MAJOR 2
| #define LLVM_VERSION_MINOR 9
| #define LLVM_IS_RELEASE 1
| #define KLEE_UCLIBC "/home/gfj/work/klee-uclibc"
| #define RUNTIME_CONFIGURATION "Release+Asserts"
| #define HAVE_CTYPE_EXTERNALS 1
| #define STDC_HEADERS 1
| #define HAVE_SYS_TYPES_H 1
| #define HAVE_SYS_STAT_H 1
| #define HAVE_STDLIB_H 1
| #define HAVE_STRING_H 1
| #define HAVE_MEMORY_H 1
| #define HAVE_STRINGS_H 1
| #define HAVE_INTTYPES_H 1
| #define HAVE_STDINT_H 1
| #define HAVE_UNISTD_H 1
| /* end confdefs.h.  */
| #include <ac_nonexistent.h>
configure:4287: result: g++ -E
configure:4307: g++ -E  conftest.cpp
configure:4307: $? = 0
configure:4321: g++ -E  conftest.cpp
conftest.cpp:25:28: fatal error: ac_nonexistent.h: No such file or directory
compilation terminated.
configure:4321: $? = 1
configure: failed program was:
| /* confdefs.h */
| #define PACKAGE_NAME "KLEE"
| #define PACKAGE_TARNAME "-klee-"
| #define PACKAGE_VERSION "0.01"
| #define PACKAGE_STRING "KLEE 0.01"
| #define PACKAGE_BUGREPORT "daniel@minormatter.com"
| #define PACKAGE_URL ""
| #define LLVM_VERSION_MAJOR 2
| #define LLVM_VERSION_MINOR 9
| #define LLVM_IS_RELEASE 1
| #define KLEE_UCLIBC "/home/gfj/work/klee-uclibc"
| #define RUNTIME_CONFIGURATION "Release+Asserts"
| #define HAVE_CTYPE_EXTERNALS 1
| #define STDC_HEADERS 1
| #define HAVE_SYS_TYPES_H 1
| #define HAVE_SYS_STAT_H 1
| #define HAVE_STDLIB_H 1
| #define HAVE_STRING_H 1
| #define HAVE_MEMORY_H 1
| #define HAVE_STRINGS_H 1
| #define HAVE_INTTYPES_H 1
| #define HAVE_STDINT_H 1
| #define HAVE_UNISTD_H 1
| /* end confdefs.h.  */
| #include <ac_nonexistent.h>
configure:4352: checking selinux/selinux.h usability
configure:4352: g++ -c -g -O2  conftest.cpp >&5
conftest.cpp:58:29: fatal error: selinux/selinux.h: No such file or directory
compilation terminated.
configure:4352: $? = 1
configure: failed program was:
| /* confdefs.h */
| #define PACKAGE_NAME "KLEE"
| #define PACKAGE_TARNAME "-klee-"
| #define PACKAGE_VERSION "0.01"
| #define PACKAGE_STRING "KLEE 0.01"
| #define PACKAGE_BUGREPORT "daniel@minormatter.com"
| #define PACKAGE_URL ""
| #define LLVM_VERSION_MAJOR 2
| #define LLVM_VERSION_MINOR 9
| #define LLVM_IS_RELEASE 1
| #define KLEE_UCLIBC "/home/gfj/work/klee-uclibc"
| #define RUNTIME_CONFIGURATION "Release+Asserts"
| #define HAVE_CTYPE_EXTERNALS 1
| #define STDC_HEADERS 1
| #define HAVE_SYS_TYPES_H 1
| #define HAVE_SYS_STAT_H 1
| #define HAVE_STDLIB_H 1
| #define HAVE_STRING_H 1
| #define HAVE_MEMORY_H 1
| #define HAVE_STRINGS_H 1
| #define HAVE_INTTYPES_H 1
| #define HAVE_STDINT_H 1
| #define HAVE_UNISTD_H 1
| /* end confdefs.h.  */
| #include <stdio.h>
| #ifdef HAVE_SYS_TYPES_H
| # include <sys/types.h>
| #endif
| #ifdef HAVE_SYS_STAT_H
| # include <sys/stat.h>
| #endif
| #ifdef STDC_HEADERS
| # include <stdlib.h>
| # include <stddef.h>
| #else
| # ifdef HAVE_STDLIB_H
| #  include <stdlib.h>
| # endif
| #endif
| #ifdef HAVE_STRING_H
| # if !defined STDC_HEADERS && defined HAVE_MEMORY_H
| #  include <memory.h>
| # endif
| # include <string.h>
| #endif
| #ifdef HAVE_STRINGS_H
| # include <strings.h>
| #endif
| #ifdef HAVE_INTTYPES_H
| # include <inttypes.h>
| #endif
| #ifdef HAVE_STDINT_H
| # include <stdint.h>
| #endif
| #ifdef HAVE_UNISTD_H
| # include <unistd.h>
| #endif
| #include <selinux/selinux.h>
configure:4352: result: no
configure:4352: checking selinux/selinux.h presence
configure:4352: g++ -E  conftest.cpp
conftest.cpp:25:29: fatal error: selinux/selinux.h: No such file or directory
compilation terminated.
configure:4352: $? = 1
configure: failed program was:
| /* confdefs.h */
| #define PACKAGE_NAME "KLEE"
| #define PACKAGE_TARNAME "-klee-"
| #define PACKAGE_VERSION "0.01"
| #define PACKAGE_STRING "KLEE 0.01"
| #define PACKAGE_BUGREPORT "daniel@minormatter.com"
| #define PACKAGE_URL ""
| #define LLVM_VERSION_MAJOR 2
| #define LLVM_VERSION_MINOR 9
| #define LLVM_IS_RELEASE 1
| #define KLEE_UCLIBC "/home/gfj/work/klee-uclibc"
| #define RUNTIME_CONFIGURATION "Release+Asserts"
| #define HAVE_CTYPE_EXTERNALS 1
| #define STDC_HEADERS 1
| #define HAVE_SYS_TYPES_H 1
| #define HAVE_SYS_STAT_H 1
| #define HAVE_STDLIB_H 1
| #define HAVE_STRING_H 1
| #define HAVE_MEMORY_H 1
| #define HAVE_STRINGS_H 1
| #define HAVE_INTTYPES_H 1
| #define HAVE_STDINT_H 1
| #define HAVE_UNISTD_H 1
| /* end confdefs.h.  */
| #include <selinux/selinux.h>
configure:4352: result: no
configure:4352: checking for selinux/selinux.h
configure:4352: result: no
configure:4391: checking stp/c_interface.h usability
configure:4391: g++ -c -g -O2  -I/home/gfj/work/stp_install/include conftest.cpp >&5
configure:4391: $? = 0
configure:4391: result: yes
configure:4391: checking stp/c_interface.h presence
configure:4391: g++ -E  -I/home/gfj/work/stp_install/include conftest.cpp
configure:4391: $? = 0
configure:4391: result: yes
configure:4391: checking for stp/c_interface.h
configure:4391: result: yes
configure:4403: checking for vc_setInterfaceFlags in -lstp
configure:4428: g++ -o conftest -g -O2   conftest.cpp -lstp -L/home/gfj/work/stp_install/lib  >&5
configure:4428: $? = 0
configure:4437: result: yes
configure:4586: creating ./config.status

## ---------------------- ##
## Running config.status. ##
## ---------------------- ##

This file was extended by KLEE config.status 0.01, which was
generated by GNU Autoconf 2.66.  Invocation command line was

  CONFIG_FILES    = 
  CONFIG_HEADERS  = 
  CONFIG_LINKS    = 
  CONFIG_COMMANDS = 
  $ ./config.status 

on gfj-virtual-machine

config.status:858: creating Makefile.config
config.status:858: creating docs/doxygen.cfg
config.status:858: creating include/klee/Config/config.h
config.status:1027: include/klee/Config/config.h is unchanged
config.status:1041: executing setup commands
config.status:1041: executing Makefile commands
config.status:1041: executing Makefile.common commands
config.status:1041: executing lib/Makefile commands
config.status:1041: executing runtime/Makefile commands
config.status:1041: executing test/Makefile commands
config.status:1041: executing test/Makefile.tests commands
config.status:1041: executing tools/Makefile commands
config.status:1041: executing unittests/Makefile commands

## ---------------- ##
## Cache variables. ##
## ---------------- ##

ac_cv_build=i686-pc-linux-gnu
ac_cv_c_compiler_gnu=yes
ac_cv_cxx_compiler_gnu=yes
ac_cv_env_CCC_set=
ac_cv_env_CCC_value=
ac_cv_env_CC_set=
ac_cv_env_CC_value=
ac_cv_env_CFLAGS_set=
ac_cv_env_CFLAGS_value=
ac_cv_env_CPPFLAGS_set=
ac_cv_env_CPPFLAGS_value=
ac_cv_env_CPP_set=
ac_cv_env_CPP_value=
ac_cv_env_CXXCPP_set=
ac_cv_env_CXXCPP_value=
ac_cv_env_CXXFLAGS_set=
ac_cv_env_CXXFLAGS_value=
ac_cv_env_CXX_set=
ac_cv_env_CXX_value=
ac_cv_env_LDFLAGS_set=
ac_cv_env_LDFLAGS_value=
ac_cv_env_LIBS_set=
ac_cv_env_LIBS_value=
ac_cv_env_build_alias_set=
ac_cv_env_build_alias_value=
ac_cv_env_host_alias_set=
ac_cv_env_host_alias_value=
ac_cv_env_target_alias_set=
ac_cv_env_target_alias_value=
ac_cv_header_inttypes_h=yes
ac_cv_header_memory_h=yes
ac_cv_header_selinux_selinux_h=no
ac_cv_header_stdc=yes
ac_cv_header_stdint_h=yes
ac_cv_header_stdlib_h=yes
ac_cv_header_stp_c_interface_h=yes
ac_cv_header_string_h=yes
ac_cv_header_strings_h=yes
ac_cv_header_sys_acl_h=no
ac_cv_header_sys_stat_h=yes
ac_cv_header_sys_types_h=yes
ac_cv_header_unistd_h=yes
ac_cv_host=i686-pc-linux-gnu
ac_cv_lib_stp_vc_setInterfaceFlags=yes
ac_cv_objext=o
ac_cv_path_EGREP='/bin/grep -E'
ac_cv_path_GREP=/bin/grep
ac_cv_prog_CPP='gcc -E'
ac_cv_prog_CXXCPP='g++ -E'
ac_cv_prog_ac_ct_CC=gcc
ac_cv_prog_ac_ct_CXX=g++
ac_cv_prog_cc_c89=
ac_cv_prog_cc_g=yes
ac_cv_prog_cxx_g=yes
ac_cv_target=i686-pc-linux-gnu

## ----------------- ##
## Output variables. ##
## ----------------- ##

CC='gcc'
CFLAGS='-g -O2'
CPP='gcc -E'
CPPFLAGS=''
CXX='g++'
CXXCPP='g++ -E'
CXXFLAGS='-g -O2'
DEFS='-DHAVE_CONFIG_H'
ECHO_C=''
ECHO_N='-n'
ECHO_T=''
EGREP='/bin/grep -E'
ENABLE_POSIX_RUNTIME='1'
ENABLE_UCLIBC='1'
EXEEXT=''
GREP='/bin/grep'
HAVE_SELINUX='0'
KLEE_UCLIBC=''
LDFLAGS=''
LIBOBJS=''
LIBS='-lstp '
LLVM_BUILD_MODE='Release+Asserts'
LLVM_IS_RELEASE='1'
LLVM_OBJ='/home/gfj/work/llvm-2.9'
LLVM_SRC='/home/gfj/work/llvm-2.9'
LLVM_VERSION_MAJOR='2'
LLVM_VERSION_MINOR='9'
LTLIBOBJS=''
OBJEXT='o'
PACKAGE_BUGREPORT='daniel@minormatter.com'
PACKAGE_NAME='KLEE'
PACKAGE_STRING='KLEE 0.01'
PACKAGE_TARNAME='-klee-'
PACKAGE_URL=''
PACKAGE_VERSION='0.01'
PATH_SEPARATOR=':'
REQUIRES_RTTI='0'
RUNTIME_CONFIGURATION=''
RUNTIME_DISABLE_ASSERTIONS='0'
RUNTIME_ENABLE_OPTIMIZED='1'
SHELL='/bin/bash'
STP_ROOT='/home/gfj/work/stp_install'
ac_ct_CC='gcc'
ac_ct_CXX='g++'
bindir='${exec_prefix}/bin'
build='i686-pc-linux-gnu'
build_alias=''
build_cpu='i686'
build_os='linux-gnu'
build_vendor='pc'
datadir='${datarootdir}'
datarootdir='${prefix}/share'
docdir='${datarootdir}/doc/${PACKAGE_TARNAME}'
dvidir='${docdir}'
exec_prefix='${prefix}'
host='i686-pc-linux-gnu'
host_alias=''
host_cpu='i686'
host_os='linux-gnu'
host_vendor='pc'
htmldir='${docdir}'
includedir='${prefix}/include'
infodir='${datarootdir}/info'
libdir='${exec_prefix}/lib'
libexecdir='${exec_prefix}/libexec'
localedir='${datarootdir}/locale'
localstatedir='${prefix}/var'
mandir='${datarootdir}/man'
oldincludedir='/usr/include'
pdfdir='${docdir}'
prefix='/usr/local'
program_transform_name='s,x,x,'
psdir='${docdir}'
sbindir='${exec_prefix}/sbin'
sharedstatedir='${prefix}/com'
sysconfdir='${prefix}/etc'
target='i686-pc-linux-gnu'
target_alias=''
target_cpu='i686'
target_os='linux-gnu'
target_vendor='pc'

## ----------- ##
## confdefs.h. ##
## ----------- ##

/* confdefs.h */
#define PACKAGE_NAME "KLEE"
#define PACKAGE_TARNAME "-klee-"
#define PACKAGE_VERSION "0.01"
#define PACKAGE_STRING "KLEE 0.01"
#define PACKAGE_BUGREPORT "daniel@minormatter.com"
#define PACKAGE_URL ""
#define LLVM_VERSION_MAJOR 2
#define LLVM_VERSION_MINOR 9
#define LLVM_IS_RELEASE 1
#define KLEE_UCLIBC "/home/gfj/work/klee-uclibc"
#define RUNTIME_CONFIGURATION "Release+Asserts"
#define HAVE_CTYPE_EXTERNALS 1
#define STDC_HEADERS 1
#define HAVE_SYS_TYPES_H 1
#define HAVE_SYS_STAT_H 1
#define HAVE_STDLIB_H 1
#define HAVE_STRING_H 1
#define HAVE_MEMORY_H 1
#define HAVE_STRINGS_H 1
#define HAVE_INTTYPES_H 1
#define HAVE_STDINT_H 1
#define HAVE_UNISTD_H 1
#define HAVE_LIBSTP 1

configure: exit 0
